<?xml version="1.0" encoding="UTF-8"?>
<testng-results skipped="0" failed="0" ignored="1" total="2" passed="1">
  <reporter-output>
  </reporter-output>
  <suite name="Default suite" duration-ms="24333" started-at="2020-01-26T22:01:57 PST" finished-at="2020-01-26T22:02:22 PST">
    <groups>
    </groups>
    <test name="Default test" duration-ms="24333" started-at="2020-01-26T22:01:57 PST" finished-at="2020-01-26T22:02:22 PST">
      <class name="com.visionIt.freeCrm.TestCases.HomePageTest">
        <test-method status="PASS" signature="init()[pri:0, instance:com.visionIt.freeCrm.TestCases.HomePageTest@49fc609f]" name="init" is-config="true" duration-ms="754" started-at="2020-01-26T22:01:57 PST" finished-at="2020-01-26T22:01:57 PST">
          <reporter-output>
          </reporter-output>
        </test-method> <!-- init -->
        <test-method status="PASS" signature="setUp()[pri:0, instance:com.visionIt.freeCrm.TestCases.HomePageTest@49fc609f]" name="setUp" is-config="true" duration-ms="23376" started-at="2020-01-26T22:01:57 PST" finished-at="2020-01-26T22:02:21 PST">
          <reporter-output>
          </reporter-output>
        </test-method> <!-- setUp -->
        <test-method status="PASS" signature="verifyloggedUserNameTest()[pri:1, instance:com.visionIt.freeCrm.TestCases.HomePageTest@49fc609f]" name="verifyloggedUserNameTest" duration-ms="252" started-at="2020-01-26T22:02:21 PST" finished-at="2020-01-26T22:02:21 PST">
          <reporter-output>
          </reporter-output>
        </test-method> <!-- verifyloggedUserNameTest -->
        <test-method status="PASS" signature="tearDown()[pri:0, instance:com.visionIt.freeCrm.TestCases.HomePageTest@49fc609f]" name="tearDown" is-config="true" duration-ms="655" started-at="2020-01-26T22:02:21 PST" finished-at="2020-01-26T22:02:22 PST">
          <reporter-output>
          </reporter-output>
        </test-method> <!-- tearDown -->
      </class> <!-- com.visionIt.freeCrm.TestCases.HomePageTest -->
    </test> <!-- Default test -->
  </suite> <!-- Default suite -->
</testng-results>
