<?xml version="1.0" encoding="UTF-8"?>
<!-- Generated by org.testng.reporters.JUnitXMLReporter -->
<testsuite hostname="shree" ignored="1" name="Default test" tests="1" failures="0" timestamp="2020-01-26T22:02:22 PST" time="24.333" errors="0">
  <testcase name="verifyloggedUserNameTest" time="0.252" classname="com.visionIt.freeCrm.TestCases.HomePageTest"/>
  <testcase name="navigatetoNewContactPageTest" time="0.0" classname="com.visionIt.freeCrm.TestCases.HomePageTest">
    <ignored/>
  </testcase> <!-- navigatetoNewContactPageTest -->
</testsuite> <!-- Default test -->
